build/outputs/logs/manifest-merger-debug-report.txt
-- Merging decision tree log ---
manifest
ADDED from AndroidManifest.xml:2:1
	package
		ADDED from AndroidManifest.xml:3:5
	android:versionName
		ADDED from AndroidManifest.xml:5:5
	android:versionCode
		ADDED from AndroidManifest.xml:4:5
		INJECTED from AndroidManifest.xml:0:0
		INJECTED from AndroidManifest.xml:0:0
	xmlns:android
		ADDED from AndroidManifest.xml:2:11
uses-sdk
ADDED from AndroidManifest.xml:7:5
	android:targetSdkVersion
		ADDED from AndroidManifest.xml:9:9
	android:minSdkVersion
		ADDED from AndroidManifest.xml:8:9
uses-permission#android.permission.ACCESS_NETWORK_STATE
ADDED from AndroidManifest.xml:11:5
	android:name
		ADDED from AndroidManifest.xml:11:22
uses-permission#android.permission.INTERNET
ADDED from AndroidManifest.xml:13:5
	android:name
		ADDED from AndroidManifest.xml:13:22
uses-permission#android.permission.WRITE_EXTERNAL_STORAGE
ADDED from AndroidManifest.xml:15:5
	android:name
		ADDED from AndroidManifest.xml:15:22
uses-permission#android.permission.ACCESS_WIFI_STATE
ADDED from AndroidManifest.xml:17:5
	android:name
		ADDED from AndroidManifest.xml:17:22
uses-permission#android.permission.WAKE_LOCK
ADDED from AndroidManifest.xml:18:5
	android:name
		ADDED from AndroidManifest.xml:18:22
uses-permission#android.permission.MOUNT_UNMOUNT_FILESYSTEMS
ADDED from AndroidManifest.xml:19:5
	android:name
		ADDED from AndroidManifest.xml:19:22
uses-permission#android.permission.READ_PHONE_STATE
ADDED from AndroidManifest.xml:21:5
	android:name
		ADDED from AndroidManifest.xml:21:22
uses-permission#android.permission.READ_LOGS
ADDED from AndroidManifest.xml:23:5
	android:name
		ADDED from AndroidManifest.xml:23:22
uses-permission#android.permission.GET_TASKS
ADDED from AndroidManifest.xml:25:5
	android:name
		ADDED from AndroidManifest.xml:25:22
uses-permission#android.permission.VIBRATE
ADDED from AndroidManifest.xml:26:5
	android:name
		ADDED from AndroidManifest.xml:26:22
uses-permission#android.permission.WRITE_SETTINGS
ADDED from AndroidManifest.xml:27:5
	android:name
		ADDED from AndroidManifest.xml:27:22
uses-permission#android.permission.SYSTEM_ALERT_WINDOW
ADDED from AndroidManifest.xml:28:5
	android:name
		ADDED from AndroidManifest.xml:28:22
permission#com.taguage.whatson.siteclip.permission.MIPUSH_RECEIVE
ADDED from AndroidManifest.xml:30:5
	android:protectionLevel
		ADDED from AndroidManifest.xml:32:9
	android:name
		ADDED from AndroidManifest.xml:31:9
uses-permission#com.taguage.whatson.siteclip.permission.MIPUSH_RECEIVE
ADDED from AndroidManifest.xml:34:5
	android:name
		ADDED from AndroidManifest.xml:34:22
application
ADDED from AndroidManifest.xml:36:5
	android:label
		ADDED from AndroidManifest.xml:40:9
	android:allowBackup
		ADDED from AndroidManifest.xml:38:9
	android:icon
		ADDED from AndroidManifest.xml:39:9
	android:theme
		ADDED from AndroidManifest.xml:41:9
	android:name
		ADDED from AndroidManifest.xml:37:9
meta-data#UMENG_APPKEY
ADDED from AndroidManifest.xml:45:9
	android:value
		ADDED from AndroidManifest.xml:47:13
	android:name
		ADDED from AndroidManifest.xml:46:13
meta-data#UMENG_CHANNEL
ADDED from AndroidManifest.xml:49:9
	android:value
		ADDED from AndroidManifest.xml:51:13
	android:name
		ADDED from AndroidManifest.xml:50:13
activity#com.taguage.whatson.siteclip.PrefaceActivity
ADDED from AndroidManifest.xml:54:9
	android:label
		ADDED from AndroidManifest.xml:56:13
	android:launchMode
		ADDED from AndroidManifest.xml:57:13
	android:name
		ADDED from AndroidManifest.xml:55:13
intent-filter#android.intent.action.MAIN+android.intent.category.LAUNCHER
ADDED from AndroidManifest.xml:58:13
action#android.intent.action.MAIN
ADDED from AndroidManifest.xml:59:17
	android:name
		ADDED from AndroidManifest.xml:59:25
category#android.intent.category.LAUNCHER
ADDED from AndroidManifest.xml:61:17
	android:name
		ADDED from AndroidManifest.xml:61:27
activity#com.taguage.whatson.siteclip.StartActivity
ADDED from AndroidManifest.xml:64:9
	android:label
		ADDED from AndroidManifest.xml:66:13
	android:launchMode
		ADDED from AndroidManifest.xml:67:13
	android:windowSoftInputMode
		ADDED from AndroidManifest.xml:68:13
	android:name
		ADDED from AndroidManifest.xml:65:13
intent-filter#android.intent.action.SEND+android.intent.category.DEFAULT
ADDED from AndroidManifest.xml:69:13
action#android.intent.action.SEND
ADDED from AndroidManifest.xml:70:17
	android:name
		ADDED from AndroidManifest.xml:70:25
category#android.intent.category.DEFAULT
ADDED from AndroidManifest.xml:72:17
	android:name
		ADDED from AndroidManifest.xml:72:27
data
ADDED from AndroidManifest.xml:74:17
	android:mimeType
		ADDED from AndroidManifest.xml:74:23
activity#com.taguage.whatson.siteclip.PreviewActivity
ADDED from AndroidManifest.xml:84:9
	android:launchMode
		ADDED from AndroidManifest.xml:86:13
	android:name
		ADDED from AndroidManifest.xml:85:13
intent-filter#android.intent.action.VIEW+android.intent.category.BROWSABLE+android.intent.category.DEFAULT
ADDED from AndroidManifest.xml:87:13
action#android.intent.action.VIEW
ADDED from AndroidManifest.xml:88:17
	android:name
		ADDED from AndroidManifest.xml:88:25
category#android.intent.category.BROWSABLE
ADDED from AndroidManifest.xml:91:17
	android:name
		ADDED from AndroidManifest.xml:91:27
intent-filter#android.intent.action.SENDTO+android.intent.action.VIEW+android.intent.category.BROWSABLE+android.intent.category.DEFAULT
ADDED from AndroidManifest.xml:96:13
action#android.intent.action.SENDTO
ADDED from AndroidManifest.xml:99:17
	android:name
		ADDED from AndroidManifest.xml:100:21
intent-filter#android.intent.action.SEND_MULTIPLE+android.intent.category.DEFAULT
ADDED from AndroidManifest.xml:117:13
	android:label
		ADDED from AndroidManifest.xml:118:17
action#android.intent.action.SEND_MULTIPLE
ADDED from AndroidManifest.xml:119:17
	android:name
		ADDED from AndroidManifest.xml:120:21
activity#com.taguage.whatson.siteclip.EssayActivity
ADDED from AndroidManifest.xml:127:9
	android:launchMode
		ADDED from AndroidManifest.xml:129:13
	android:name
		ADDED from AndroidManifest.xml:128:13
activity#com.taguage.whatson.siteclip.LinksActivity
ADDED from AndroidManifest.xml:130:9
	android:launchMode
		ADDED from AndroidManifest.xml:132:13
	android:name
		ADDED from AndroidManifest.xml:131:13
activity#com.taguage.whatson.siteclip.BrowserActivity
ADDED from AndroidManifest.xml:133:9
	android:launchMode
		ADDED from AndroidManifest.xml:135:13
	android:name
		ADDED from AndroidManifest.xml:134:13
activity#com.taguage.whatson.siteclip.OptionsActivity
ADDED from AndroidManifest.xml:136:9
	android:launchMode
		ADDED from AndroidManifest.xml:138:13
	android:name
		ADDED from AndroidManifest.xml:137:13
activity#com.taguage.whatson.siteclip.BackupOptionsActivity
ADDED from AndroidManifest.xml:139:9
	android:launchMode
		ADDED from AndroidManifest.xml:141:13
	android:name
		ADDED from AndroidManifest.xml:140:13
activity#com.taguage.whatson.siteclip.AppsActivity
ADDED from AndroidManifest.xml:142:9
	android:launchMode
		ADDED from AndroidManifest.xml:144:13
	android:name
		ADDED from AndroidManifest.xml:143:13
activity#com.taguage.whatson.siteclip.IntroActivity
ADDED from AndroidManifest.xml:145:9
	android:launchMode
		ADDED from AndroidManifest.xml:147:13
	android:name
		ADDED from AndroidManifest.xml:146:13
activity#com.taguage.whatson.siteclip.StatActivity
ADDED from AndroidManifest.xml:148:9
	android:launchMode
		ADDED from AndroidManifest.xml:150:13
	android:name
		ADDED from AndroidManifest.xml:149:13
activity#com.taguage.whatson.siteclip.ListicleActivity
ADDED from AndroidManifest.xml:151:9
	android:launchMode
		ADDED from AndroidManifest.xml:153:13
	android:name
		ADDED from AndroidManifest.xml:152:13
service#com.taguage.whatson.siteclip.service.FloatService
ADDED from AndroidManifest.xml:155:9
	android:name
		ADDED from AndroidManifest.xml:155:18
service#com.umeng.update.net.DownloadingService
ADDED from AndroidManifest.xml:157:9
	android:process
		ADDED from AndroidManifest.xml:159:13
	android:name
		ADDED from AndroidManifest.xml:158:13
activity#com.umeng.update.UpdateDialogActivity
ADDED from AndroidManifest.xml:162:9
	android:theme
		ADDED from AndroidManifest.xml:164:13
	android:name
		ADDED from AndroidManifest.xml:163:13
service#com.xiaomi.push.service.XMPushService
ADDED from AndroidManifest.xml:168:9
	android:enabled
		ADDED from AndroidManifest.xml:170:13
	android:process
		ADDED from AndroidManifest.xml:171:13
	android:name
		ADDED from AndroidManifest.xml:169:13
service#com.xiaomi.mipush.sdk.PushMessageHandler
ADDED from AndroidManifest.xml:172:9
	android:enabled
		ADDED from AndroidManifest.xml:174:13
	android:exported
		ADDED from AndroidManifest.xml:175:13
	android:name
		ADDED from AndroidManifest.xml:173:13
service#com.xiaomi.mipush.sdk.MessageHandleService
ADDED from AndroidManifest.xml:176:9
	android:enabled
		ADDED from AndroidManifest.xml:178:13
	android:name
		ADDED from AndroidManifest.xml:177:13
receiver#com.xiaomi.push.service.receivers.NetworkStatusReceiver
ADDED from AndroidManifest.xml:180:9
	android:exported
		ADDED from AndroidManifest.xml:182:13
	android:name
		ADDED from AndroidManifest.xml:181:13
intent-filter#android.intent.category.DEFAULT+android.net.conn.CONNECTIVITY_CHANGE
ADDED from AndroidManifest.xml:183:13
action#android.net.conn.CONNECTIVITY_CHANGE
ADDED from AndroidManifest.xml:184:17
	android:name
		ADDED from AndroidManifest.xml:184:25
receiver#com.xiaomi.push.service.receivers.PingReceiver
ADDED from AndroidManifest.xml:189:9
	android:process
		ADDED from AndroidManifest.xml:192:13
	android:exported
		ADDED from AndroidManifest.xml:191:13
	android:name
		ADDED from AndroidManifest.xml:190:13
intent-filter#com.xiaomi.push.PING_TIMER
ADDED from AndroidManifest.xml:193:13
action#com.xiaomi.push.PING_TIMER
ADDED from AndroidManifest.xml:194:17
	android:name
		ADDED from AndroidManifest.xml:194:25
receiver#com.taguage.whatson.siteclip.receiver.NewsPushReceiver
ADDED from AndroidManifest.xml:197:9
	android:exported
		ADDED from AndroidManifest.xml:199:13
	android:name
		ADDED from AndroidManifest.xml:198:13
intent-filter#com.xiaomi.mipush.RECEIVE_MESSAGE
ADDED from AndroidManifest.xml:200:13
action#com.xiaomi.mipush.RECEIVE_MESSAGE
ADDED from AndroidManifest.xml:201:17
	android:name
		ADDED from AndroidManifest.xml:201:25
intent-filter#com.xiaomi.mipush.ERROR
ADDED from AndroidManifest.xml:203:13
action#com.xiaomi.mipush.ERROR
ADDED from AndroidManifest.xml:204:17
	android:name
		ADDED from AndroidManifest.xml:204:25